<?xml version="1.0" encoding="UTF-8"?>
<!-- Generated by org.testng.reporters.JUnitXMLReporter -->
<testsuite ignored="0" hostname="LAPTOP-TLSOB87U" failures="0" tests="6" name="Default test" time="3.592" errors="0" timestamp="2025-12-11T14:16:20 EST">
  <testcase classname="api.test.DDTests" name="testPostUser" time="1.618"/>
  <testcase classname="api.test.DDTests" name="testPostUser" time="0.183"/>
  <testcase classname="api.test.DDTests" name="testPostUser" time="0.181"/>
  <testcase classname="api.test.DDTests" name="testdeleteUserByName" time="0.214"/>
  <testcase classname="api.test.DDTests" name="testdeleteUserByName" time="0.221"/>
  <testcase classname="api.test.DDTests" name="testdeleteUserByName" time="0.19"/>
</testsuite> <!-- Default test -->
