<?xml version="1.0" encoding="UTF-8"?>
<!-- Generated by org.testng.reporters.JUnitXMLReporter -->
<testsuite ignored="0" hostname="LAPTOP-TLSOB87U" failures="0" tests="6" name="Default test" time="3.907" errors="0" timestamp="2026-02-19T11:00:21 EST">
  <testcase classname="api.test.DDTests" name="testPostUser" time="1.228"/>
  <testcase classname="api.test.DDTests" name="testPostUser" time="0.191"/>
  <testcase classname="api.test.DDTests" name="testPostUser" time="0.169"/>
  <testcase classname="api.test.DDTests" name="testdeleteUserByName" time="0.23"/>
  <testcase classname="api.test.DDTests" name="testdeleteUserByName" time="0.162"/>
  <testcase classname="api.test.DDTests" name="testdeleteUserByName" time="0.169"/>
</testsuite> <!-- Default test -->
