<?xml version="1.0" encoding="UTF-8"?>
<!-- Generated by org.testng.reporters.JUnitXMLReporter -->
<testsuite ignored="0" hostname="LAPTOP-TLSOB87U" failures="0" tests="4" name="UserModelTests" time="2.777" errors="0" timestamp="2025-12-12T10:40:35 EST">
  <testcase classname="api.test.userTests_logs2" name="testPostUser" time="1.477"/>
  <testcase classname="api.test.userTests_logs2" name="testGetUserByName" time="0.207"/>
  <testcase classname="api.test.userTests_logs2" name="testUpdateUserByName" time="0.35"/>
  <testcase classname="api.test.userTests_logs2" name="testDeleteUserByName" time="0.179"/>
</testsuite> <!-- UserModelTests -->
