<?xml version="1.0" encoding="UTF-8"?>
<!-- Generated by org.testng.reporters.JUnitXMLReporter -->
<testsuite ignored="0" hostname="LAPTOP-TLSOB87U" failures="0" tests="4" name="UserModelTests" time="3.759" errors="0" timestamp="2025-12-15T11:17:42 EST">
  <testcase classname="api.test.userTests_logs2" name="testPostUser" time="2.221"/>
  <testcase classname="api.test.userTests_logs2" name="testGetUserByName" time="0.203"/>
  <testcase classname="api.test.userTests_logs2" name="testUpdateUserByName" time="0.431"/>
  <testcase classname="api.test.userTests_logs2" name="testDeleteUserByName" time="0.181"/>
</testsuite> <!-- UserModelTests -->
