<?xml version="1.0" encoding="UTF-8"?>
<testng-results ignored="0" total="4" passed="4" failed="0" skipped="0">
  <reporter-output>
  </reporter-output>
  <suite started-at="2026-02-20T10:38:23 EST" name="PetSoreUserSuite" finished-at="2026-02-20T10:38:27 EST" duration-ms="3950">
    <groups>
    </groups>
    <test started-at="2026-02-20T10:38:23 EST" name="UserModelTests" finished-at="2026-02-20T10:38:27 EST" duration-ms="3950">
      <class name="api.test.UserTests">
        <test-method is-config="true" signature="setup()[pri:0, instance:api.test.UserTests@3e30646a]" started-at="2026-02-20T10:38:23 EST" name="setup" finished-at="2026-02-20T10:38:24 EST" duration-ms="700" status="PASS">
          <reporter-output>
          </reporter-output>
        </test-method> <!-- setup -->
        <test-method signature="testPostUser()[pri:1, instance:api.test.UserTests@3e30646a]" started-at="2026-02-20T10:38:24 EST" name="testPostUser" finished-at="2026-02-20T10:38:26 EST" duration-ms="1869" status="PASS">
          <reporter-output>
          </reporter-output>
        </test-method> <!-- testPostUser -->
        <test-method signature="testGetUserByName()[pri:2, instance:api.test.UserTests@3e30646a]" started-at="2026-02-20T10:38:26 EST" name="testGetUserByName" finished-at="2026-02-20T10:38:26 EST" duration-ms="194" status="PASS">
          <reporter-output>
          </reporter-output>
        </test-method> <!-- testGetUserByName -->
        <test-method signature="testUpdateUserByName()[pri:3, instance:api.test.UserTests@3e30646a]" started-at="2026-02-20T10:38:26 EST" name="testUpdateUserByName" finished-at="2026-02-20T10:38:27 EST" duration-ms="702" status="PASS">
          <reporter-output>
          </reporter-output>
        </test-method> <!-- testUpdateUserByName -->
        <test-method signature="testDeleteUserByName()[pri:4, instance:api.test.UserTests@3e30646a]" started-at="2026-02-20T10:38:27 EST" name="testDeleteUserByName" finished-at="2026-02-20T10:38:27 EST" duration-ms="291" status="PASS">
          <reporter-output>
          </reporter-output>
        </test-method> <!-- testDeleteUserByName -->
      </class> <!-- api.test.UserTests -->
    </test> <!-- UserModelTests -->
  </suite> <!-- PetSoreUserSuite -->
</testng-results>
