<?xml version="1.0" encoding="UTF-8"?>
<testng-results ignored="0" total="4" passed="4" failed="0" skipped="0">
  <reporter-output>
  </reporter-output>
  <suite started-at="2025-12-15T11:17:38 EST" name="PetSoreUserSuite" finished-at="2025-12-15T11:17:41 EST" duration-ms="3759">
    <groups>
    </groups>
    <test started-at="2025-12-15T11:17:38 EST" name="UserModelTests" finished-at="2025-12-15T11:17:41 EST" duration-ms="3759">
      <class name="api.test.userTests_logs2">
        <test-method is-config="true" signature="setupData()[pri:0, instance:api.test.userTests_logs2@74e52303]" started-at="2025-12-15T11:17:38 EST" name="setupData" finished-at="2025-12-15T11:17:38 EST" duration-ms="490" status="PASS">
          <reporter-output>
          </reporter-output>
        </test-method> <!-- setupData -->
        <test-method signature="testPostUser()[pri:1, instance:api.test.userTests_logs2@74e52303]" started-at="2025-12-15T11:17:38 EST" name="testPostUser" finished-at="2025-12-15T11:17:40 EST" duration-ms="2221" status="PASS">
          <reporter-output>
          </reporter-output>
        </test-method> <!-- testPostUser -->
        <test-method signature="testGetUserByName()[pri:2, instance:api.test.userTests_logs2@74e52303]" started-at="2025-12-15T11:17:40 EST" name="testGetUserByName" finished-at="2025-12-15T11:17:41 EST" duration-ms="203" status="PASS">
          <reporter-output>
          </reporter-output>
        </test-method> <!-- testGetUserByName -->
        <test-method signature="testUpdateUserByName()[pri:3, instance:api.test.userTests_logs2@74e52303]" started-at="2025-12-15T11:17:41 EST" name="testUpdateUserByName" finished-at="2025-12-15T11:17:41 EST" duration-ms="431" status="PASS">
          <reporter-output>
          </reporter-output>
        </test-method> <!-- testUpdateUserByName -->
        <test-method signature="testDeleteUserByName()[pri:4, instance:api.test.userTests_logs2@74e52303]" started-at="2025-12-15T11:17:41 EST" name="testDeleteUserByName" finished-at="2025-12-15T11:17:41 EST" duration-ms="181" status="PASS">
          <reporter-output>
          </reporter-output>
        </test-method> <!-- testDeleteUserByName -->
      </class> <!-- api.test.userTests_logs2 -->
    </test> <!-- UserModelTests -->
  </suite> <!-- PetSoreUserSuite -->
</testng-results>
