<?xml version="1.0" encoding="UTF-8"?>
<testsuite xmlns:xsi="http://www.w3.org/2001/XMLSchema-instance" xsi:noNamespaceSchemaLocation="https://maven.apache.org/surefire/maven-surefire-plugin/xsd/surefire-test-report.xsd" version="3.0.2" name="TestSuite" time="4.987" tests="4" errors="0" skipped="0" failures="0">
  <properties>
[...]
</properties>
  <testcase name="testPostUser" classname="api.test.UserTests" time="1.873">
    <system-out><![CDATA[Execution - On Start
10:38:23.538 [main] INFO  api.utilities.ExtentReportManager - Extent Report started: C:\Users\sjshe\eclipse-workspace\DigitaProducts\PeStoreRestAPIAutomation\reports\Test-Report-2026.02.20.10.38.23.html
10:38:23.563 [main] INFO  api.test.UserTests - *********Initializing test setup*******
10:38:23.752 [main] INFO  api.test.UserTests - Test Data initialized successfully: User {id=1177072083, username='noe.rodriguez', firstName='Wendell', lastName='Leannon', email='giuseppe.mills@example.com', phone='(086) 670-5485', userStatus=0}
10:38:24.254 [main] INFO  api.test.UserTests - BaseURL : https://petstore.swagger.io/v2
10:38:24.254 [main] INFO  api.test.UserTests - ********** Set up Complete **********
10:38:24.275 [main] INFO  api.utilities.ExtentReportManager - Test Started testPostUser
10:38:24.276 [main] INFO  api.test.UserTests - ********* Creating User *********
HTTP/1.1 200 OK
Date: Fri, 20 Feb 2026 15:38:24 GMT
Content-Type: application/json
Transfer-Encoding: chunked
Connection: keep-alive
Access-Control-Allow-Origin: *
Access-Control-Allow-Methods: GET, POST, DELETE, PUT
Access-Control-Allow-Headers: Content-Type, api_key, Authorization
Server: Jetty(9.2.9.v20150224)

{
    "code": 200,
    "type": "unknown",
    "message": "1177072083"
}
10:38:26.136 [main] INFO  api.test.UserTests - *********User Created *********
Test Success
10:38:26.141 [main] INFO  api.utilities.ExtentReportManager - TestPassed: testPostUser
]]></system-out>
    <system-err><![CDATA[SLF4J: Failed to load class "org.slf4j.impl.StaticLoggerBinder".
SLF4J: Defaulting to no-operation (NOP) logger implementation
SLF4J: See http://www.slf4j.org/codes.html#StaticLoggerBinder for further details.
]]></system-err>
  </testcase>
  <testcase name="testGetUserByName" classname="api.test.UserTests" time="0.194">
    <system-out><![CDATA[10:38:26.144 [main] INFO  api.utilities.ExtentReportManager - Test Started testGetUserByName
10:38:26.145 [main] INFO  api.test.UserTests - *********Reading User Info *********
HTTP/1.1 200 OK
Date: Fri, 20 Feb 2026 15:38:25 GMT
Content-Type: application/json
Transfer-Encoding: chunked
Connection: keep-alive
Access-Control-Allow-Origin: *
Access-Control-Allow-Methods: GET, POST, DELETE, PUT
Access-Control-Allow-Headers: Content-Type, api_key, Authorization
Server: Jetty(9.2.9.v20150224)

{
    "id": 1177072083,
    "username": "noe.rodriguez",
    "firstName": "Wendell",
    "lastName": "Leannon",
    "email": "giuseppe.mills@example.com",
    "password": "s93h2m4u",
    "phone": "(086) 670-5485",
    "userStatus": 0
}
10:38:26.337 [main] INFO  api.test.UserTests - User Info displayed
Test Success
10:38:26.338 [main] INFO  api.utilities.ExtentReportManager - TestPassed: testGetUserByName
]]></system-out>
  </testcase>
  <testcase name="testUpdateUserByName" classname="api.test.UserTests" time="0.702">
    <system-out><![CDATA[10:38:26.340 [main] INFO  api.utilities.ExtentReportManager - Test Started testUpdateUserByName
10:38:26.340 [main] INFO  api.test.UserTests - Update User
{
    "code": 200,
    "type": "unknown",
    "message": "1177072083"
}
HTTP/1.1 200 OK
Date: Fri, 20 Feb 2026 15:38:26 GMT
Content-Type: application/json
Transfer-Encoding: chunked
Connection: keep-alive
Access-Control-Allow-Origin: *
Access-Control-Allow-Methods: GET, POST, DELETE, PUT
Access-Control-Allow-Headers: Content-Type, api_key, Authorization
Server: Jetty(9.2.9.v20150224)

{
    "id": 1177072083,
    "username": "noe.rodriguez",
    "firstName": "Ahmed",
    "lastName": "Predovic",
    "email": "brenna.schmeler@example.com",
    "password": "s93h2m4u",
    "phone": "(086) 670-5485",
    "userStatus": 0
}
10:38:27.041 [main] INFO  api.test.UserTests - ********* User Updated (status verified only) *********
Test Success
10:38:27.042 [main] INFO  api.utilities.ExtentReportManager - TestPassed: testUpdateUserByName
]]></system-out>
  </testcase>
  <testcase name="testDeleteUserByName" classname="api.test.UserTests" time="0.291">
    <system-out><![CDATA[10:38:27.043 [main] INFO  api.utilities.ExtentReportManager - Test Started testDeleteUserByName
10:38:27.043 [main] INFO  api.test.UserTests - Deleting User
10:38:27.333 [main] INFO  api.test.UserTests - ********* Deletion Verified *********
Test Success
10:38:27.334 [main] INFO  api.utilities.ExtentReportManager - TestPassed: testDeleteUserByName
]]></system-out>
  </testcase>
</testsuite>