<?xml version="1.0" encoding="UTF-8"?>
<testng-results ignored="0" total="4" passed="4" failed="0" skipped="0">
  <reporter-output>
  </reporter-output>
  <suite started-at="2025-12-12T10:40:32 EST" name="PetSoreUserSuite" finished-at="2025-12-12T10:40:35 EST" duration-ms="2777">
    <groups>
    </groups>
    <test started-at="2025-12-12T10:40:32 EST" name="UserModelTests" finished-at="2025-12-12T10:40:35 EST" duration-ms="2777">
      <class name="api.test.userTests_logs2">
        <test-method is-config="true" signature="setupData()[pri:0, instance:api.test.userTests_logs2@175c2241]" started-at="2025-12-12T10:40:32 EST" name="setupData" finished-at="2025-12-12T10:40:33 EST" duration-ms="350" status="PASS">
          <reporter-output>
          </reporter-output>
        </test-method> <!-- setupData -->
        <test-method signature="testPostUser()[pri:1, instance:api.test.userTests_logs2@175c2241]" started-at="2025-12-12T10:40:33 EST" name="testPostUser" finished-at="2025-12-12T10:40:34 EST" duration-ms="1477" status="PASS">
          <reporter-output>
          </reporter-output>
        </test-method> <!-- testPostUser -->
        <test-method signature="testGetUserByName()[pri:2, instance:api.test.userTests_logs2@175c2241]" started-at="2025-12-12T10:40:34 EST" name="testGetUserByName" finished-at="2025-12-12T10:40:34 EST" duration-ms="207" status="PASS">
          <reporter-output>
          </reporter-output>
        </test-method> <!-- testGetUserByName -->
        <test-method signature="testUpdateUserByName()[pri:3, instance:api.test.userTests_logs2@175c2241]" started-at="2025-12-12T10:40:34 EST" name="testUpdateUserByName" finished-at="2025-12-12T10:40:35 EST" duration-ms="350" status="PASS">
          <reporter-output>
          </reporter-output>
        </test-method> <!-- testUpdateUserByName -->
        <test-method signature="testDeleteUserByName()[pri:4, instance:api.test.userTests_logs2@175c2241]" started-at="2025-12-12T10:40:35 EST" name="testDeleteUserByName" finished-at="2025-12-12T10:40:35 EST" duration-ms="179" status="PASS">
          <reporter-output>
          </reporter-output>
        </test-method> <!-- testDeleteUserByName -->
      </class> <!-- api.test.userTests_logs2 -->
    </test> <!-- UserModelTests -->
  </suite> <!-- PetSoreUserSuite -->
</testng-results>
