<?xml version="1.0" encoding="UTF-8"?>
<testng-results ignored="0" total="6" passed="6" failed="0" skipped="0">
  <reporter-output>
  </reporter-output>
  <suite started-at="2026-02-19T11:00:18 EST" name="Default suite" finished-at="2026-02-19T11:00:21 EST" duration-ms="3907">
    <groups>
    </groups>
    <test started-at="2026-02-19T11:00:18 EST" name="Default test" finished-at="2026-02-19T11:00:21 EST" duration-ms="3907">
      <class name="api.test.DDTests">
        <test-method is-config="true" signature="setup()[pri:0, instance:api.test.DDTests@71cf1b07]" started-at="2026-02-19T11:00:18 EST" name="setup" finished-at="2026-02-19T11:00:18 EST" duration-ms="656" status="PASS">
          <reporter-output>
          </reporter-output>
        </test-method> <!-- setup -->
        <test-method signature="testPostUser(java.lang.String,java.lang.String,java.lang.String,java.lang.String,java.lang.String,java.lang.String,java.lang.String)[pri:1, instance:api.test.DDTests@71cf1b07]" started-at="2026-02-19T11:00:19 EST" name="testPostUser" data-provider="Data" finished-at="2026-02-19T11:00:20 EST" duration-ms="1228" status="PASS">
          <params>
            <param index="0">
              <value>
                <![CDATA[1010]]>
              </value>
            </param>
            <param index="1">
              <value>
                <![CDATA[testuser1]]>
              </value>
            </param>
            <param index="2">
              <value>
                <![CDATA[Ajantha]]>
              </value>
            </param>
            <param index="3">
              <value>
                <![CDATA[Babu]]>
              </value>
            </param>
            <param index="4">
              <value>
                <![CDATA[b@gmail.com]]>
              </value>
            </param>
            <param index="5">
              <value>
                <![CDATA[ajba@1]]>
              </value>
            </param>
            <param index="6">
              <value>
                <![CDATA[1234561234]]>
              </value>
            </param>
          </params>
          <reporter-output>
          </reporter-output>
        </test-method> <!-- testPostUser -->
        <test-method signature="testPostUser(java.lang.String,java.lang.String,java.lang.String,java.lang.String,java.lang.String,java.lang.String,java.lang.String)[pri:1, instance:api.test.DDTests@71cf1b07]" started-at="2026-02-19T11:00:20 EST" name="testPostUser" data-provider="Data" finished-at="2026-02-19T11:00:21 EST" duration-ms="191" status="PASS">
          <params>
            <param index="0">
              <value>
                <![CDATA[1020]]>
              </value>
            </param>
            <param index="1">
              <value>
                <![CDATA[testuser2]]>
              </value>
            </param>
            <param index="2">
              <value>
                <![CDATA[Raji]]>
              </value>
            </param>
            <param index="3">
              <value>
                <![CDATA[Singh]]>
              </value>
            </param>
            <param index="4">
              <value>
                <![CDATA[r@gmail.com]]>
              </value>
            </param>
            <param index="5">
              <value>
                <![CDATA[rsin@2]]>
              </value>
            </param>
            <param index="6">
              <value>
                <![CDATA[4561231234]]>
              </value>
            </param>
          </params>
          <reporter-output>
          </reporter-output>
        </test-method> <!-- testPostUser -->
        <test-method signature="testPostUser(java.lang.String,java.lang.String,java.lang.String,java.lang.String,java.lang.String,java.lang.String,java.lang.String)[pri:1, instance:api.test.DDTests@71cf1b07]" started-at="2026-02-19T11:00:21 EST" name="testPostUser" data-provider="Data" finished-at="2026-02-19T11:00:21 EST" duration-ms="169" status="PASS">
          <params>
            <param index="0">
              <value>
                <![CDATA[1030]]>
              </value>
            </param>
            <param index="1">
              <value>
                <![CDATA[testuser3]]>
              </value>
            </param>
            <param index="2">
              <value>
                <![CDATA[Nandini]]>
              </value>
            </param>
            <param index="3">
              <value>
                <![CDATA[Venk]]>
              </value>
            </param>
            <param index="4">
              <value>
                <![CDATA[n@gmail.com]]>
              </value>
            </param>
            <param index="5">
              <value>
                <![CDATA[nanv@1]]>
              </value>
            </param>
            <param index="6">
              <value>
                <![CDATA[1236541234]]>
              </value>
            </param>
          </params>
          <reporter-output>
          </reporter-output>
        </test-method> <!-- testPostUser -->
        <test-method signature="testdeleteUserByName(java.lang.String)[pri:2, instance:api.test.DDTests@71cf1b07]" started-at="2026-02-19T11:00:21 EST" name="testdeleteUserByName" data-provider="UserNames" finished-at="2026-02-19T11:00:21 EST" duration-ms="230" status="PASS">
          <params>
            <param index="0">
              <value>
                <![CDATA[testuser1]]>
              </value>
            </param>
          </params>
          <reporter-output>
          </reporter-output>
        </test-method> <!-- testdeleteUserByName -->
        <test-method signature="testdeleteUserByName(java.lang.String)[pri:2, instance:api.test.DDTests@71cf1b07]" started-at="2026-02-19T11:00:21 EST" name="testdeleteUserByName" data-provider="UserNames" finished-at="2026-02-19T11:00:21 EST" duration-ms="162" status="PASS">
          <params>
            <param index="0">
              <value>
                <![CDATA[testuser2]]>
              </value>
            </param>
          </params>
          <reporter-output>
          </reporter-output>
        </test-method> <!-- testdeleteUserByName -->
        <test-method signature="testdeleteUserByName(java.lang.String)[pri:2, instance:api.test.DDTests@71cf1b07]" started-at="2026-02-19T11:00:21 EST" name="testdeleteUserByName" data-provider="UserNames" finished-at="2026-02-19T11:00:21 EST" duration-ms="169" status="PASS">
          <params>
            <param index="0">
              <value>
                <![CDATA[testuser3]]>
              </value>
            </param>
          </params>
          <reporter-output>
          </reporter-output>
        </test-method> <!-- testdeleteUserByName -->
      </class> <!-- api.test.DDTests -->
    </test> <!-- Default test -->
  </suite> <!-- Default suite -->
</testng-results>
