<?xml version="1.0" encoding="UTF-8"?>
<!-- Generated by org.testng.reporters.JUnitReportReporter -->
<testsuite hostname="LAPTOP-TLSOB87U" failures="0" tests="4" name="api.test.userTests" time="2.408" errors="0" timestamp="2025-12-11T14:51:46 EST" skipped="0">
  <testcase classname="api.test.userTests" name="testPostUser" time="1.640"/>
  <testcase classname="api.test.userTests" name="testGetUserByName" time="0.233"/>
  <testcase classname="api.test.userTests" name="testUpdateUserByName" time="0.354"/>
  <testcase classname="api.test.userTests" name="testDeleteUserByName" time="0.181"/>
</testsuite> <!-- api.test.userTests -->
