<?xml version="1.0" encoding="UTF-8"?>
<!-- Generated by org.testng.reporters.JUnitReportReporter -->
<testsuite hostname="LAPTOP-TLSOB87U" failures="0" tests="4" name="api.test.UserTests" time="2.737" errors="0" timestamp="2026-02-19T10:45:59 EST" skipped="0">
  <testcase classname="api.test.UserTests" name="testPostUser" time="1.852"/>
  <testcase classname="api.test.UserTests" name="testGetUserByName" time="0.207"/>
  <testcase classname="api.test.UserTests" name="testUpdateUserByName" time="0.346"/>
  <testcase classname="api.test.UserTests" name="testDeleteUserByName" time="0.332"/>
</testsuite> <!-- api.test.UserTests -->
