<?xml version="1.0" encoding="UTF-8"?>
<!-- Generated by org.testng.reporters.JUnitReportReporter -->
<testsuite hostname="LAPTOP-TLSOB87U" failures="0" tests="4" name="api.test.userTests_logs" time="2.328" errors="0" timestamp="2025-12-12T10:34:45 EST" skipped="0">
  <testcase classname="api.test.userTests_logs" name="testPostUser" time="1.514"/>
  <testcase classname="api.test.userTests_logs" name="testGetUserByName" time="0.248"/>
  <testcase classname="api.test.userTests_logs" name="testUpdateUserByName" time="0.391"/>
  <testcase classname="api.test.userTests_logs" name="testDeleteUserByName" time="0.175"/>
</testsuite> <!-- api.test.userTests_logs -->
