<?xml version="1.0" encoding="UTF-8"?>
<!-- Generated by org.testng.reporters.JUnitReportReporter -->
<testsuite hostname="LAPTOP-TLSOB87U" failures="0" tests="6" name="api.test.DDTests" time="1.115" errors="0" timestamp="2025-12-11T14:44:47 EST" skipped="0">
  <testcase classname="api.test.DDTests" name="testPostUser" time="0.176"/>
  <testcase classname="api.test.DDTests" name="testPostUser" time="0.207"/>
  <testcase classname="api.test.DDTests" name="testPostUser" time="0.203"/>
  <testcase classname="api.test.DDTests" name="testdeleteUserByName" time="0.181"/>
  <testcase classname="api.test.DDTests" name="testdeleteUserByName" time="0.173"/>
  <testcase classname="api.test.DDTests" name="testdeleteUserByName" time="0.175"/>
</testsuite> <!-- api.test.DDTests -->
