<?xml version="1.0" encoding="UTF-8"?>
<!-- Generated by org.testng.reporters.JUnitReportReporter -->
<testsuite hostname="LAPTOP-TLSOB87U" failures="0" tests="6" name="api.test.DDTests" time="2.149" errors="0" timestamp="2026-02-19T11:00:22 EST" skipped="0">
  <testcase classname="api.test.DDTests" name="testPostUser" time="1.228"/>
  <testcase classname="api.test.DDTests" name="testPostUser" time="0.191"/>
  <testcase classname="api.test.DDTests" name="testPostUser" time="0.169"/>
  <testcase classname="api.test.DDTests" name="testdeleteUserByName" time="0.230"/>
  <testcase classname="api.test.DDTests" name="testdeleteUserByName" time="0.162"/>
  <testcase classname="api.test.DDTests" name="testdeleteUserByName" time="0.169"/>
</testsuite> <!-- api.test.DDTests -->
