<?xml version="1.0" encoding="UTF-8"?>
<!-- Generated by org.testng.reporters.JUnitReportReporter -->
<testsuite hostname="LAPTOP-TLSOB87U" failures="0" tests="4" name="api.test.userTests_logs" time="2.028" errors="0" timestamp="2026-01-08T11:37:50 EST" skipped="0">
  <testcase classname="api.test.userTests_logs" name="testPostUser" time="0.153"/>
  <testcase classname="api.test.userTests_logs" name="testGetUserByName" time="0.152"/>
  <testcase classname="api.test.userTests_logs" name="testUpdateUserByName" time="0.704"/>
  <testcase classname="api.test.userTests_logs" name="testDeleteUserByName" time="1.019"/>
</testsuite> <!-- api.test.userTests_logs -->
