<?xml version="1.0" encoding="UTF-8"?>
<!-- Generated by org.testng.reporters.JUnitReportReporter -->
<testsuite hostname="LAPTOP-TLSOB87U" failures="0" tests="4" name="api.test.userTests" time="2.607" errors="0" timestamp="2025-12-12T12:42:22 EST" skipped="0">
  <testcase classname="api.test.userTests" name="testPostUser" time="1.821"/>
  <testcase classname="api.test.userTests" name="testGetUserByName" time="0.193"/>
  <testcase classname="api.test.userTests" name="testUpdateUserByName" time="0.386"/>
  <testcase classname="api.test.userTests" name="testDeleteUserByName" time="0.207"/>
</testsuite> <!-- api.test.userTests -->
