<?xml version="1.0" encoding="UTF-8"?>
<!-- Generated by org.testng.reporters.JUnitReportReporter -->
<testsuite hostname="LAPTOP-TLSOB87U" failures="0" tests="4" name="api.test.userTests_logs" time="2.333" errors="0" timestamp="2026-02-18T16:32:57 EST" skipped="0">
  <testcase classname="api.test.userTests_logs" name="testPostUser" time="1.600"/>
  <testcase classname="api.test.userTests_logs" name="testGetUserByName" time="0.190"/>
  <testcase classname="api.test.userTests_logs" name="testUpdateUserByName" time="0.370"/>
  <testcase classname="api.test.userTests_logs" name="testDeleteUserByName" time="0.173"/>
</testsuite> <!-- api.test.userTests_logs -->
