<?xml version="1.0" encoding="UTF-8"?>
<!-- Generated by org.testng.reporters.JUnitReportReporter -->
<testsuite hostname="LAPTOP-TLSOB87U" failures="0" tests="4" name="api.test.UserTests" time="3.191" errors="0" timestamp="2026-02-19T13:58:33 EST" skipped="0">
  <testcase classname="api.test.UserTests" name="testPostUser" time="2.135"/>
  <testcase classname="api.test.UserTests" name="testGetUserByName" time="0.253"/>
  <testcase classname="api.test.UserTests" name="testUpdateUserByName" time="0.429"/>
  <testcase classname="api.test.UserTests" name="testDeleteUserByName" time="0.374"/>
</testsuite> <!-- api.test.UserTests -->
